<?xml version="1.0" encoding="UTF-8"?><testsuite errors="0" failures="0" name="com.bestbuy.crudtest.ProductsCRUDTest" skipped="0" tests="4" time="3.86" timestamp="2023-06-06T01:09:53.082+01:00[Europe/London]"><testcase classname="com.bestbuy.crudtest.ProductsCRUDTest" name="Creating a new product."/><testcase classname="com.bestbuy.crudtest.ProductsCRUDTest" name="Getting single product."/><testcase classname="com.bestbuy.crudtest.ProductsCRUDTest" name="Updating the product."/><testcase classname="com.bestbuy.crudtest.ProductsCRUDTest" name="Deleting the product and verifying the deletion."/></testsuite>